ФЂФЃФ‚ФѓФ„Ф…Ф†Ф‡Ф€Ф‰ФЉФ‹ФЊФЌФЋФЏ
212
128 129 130 131 132 133 134 135 136 137 138 139 140 141 142 143

ФђФ‘Ф’Ф“Ф”Ф•Ф–Ф—ФФ™ФљФ›ФњФќФћФџ
212
144 145 146 147 148 149 150 151 152 153 154 155 156 157 158 159

Ф ФЎФўФЈФ¤ФҐФ¦Ф§ФЁФ©ФЄФ«Ф¬Ф­Ф®ФЇ
212
160 161 162 163 164 165 166 167 168 169 170 171 172 173 174 175

Ф°Ф±ФІФіФґФµФ¶Ф·ФёФ№ФєФ»ФјФЅФѕФї
212
176 177 178 179 180 181 182 183 184 185 186 187 188 189 190 191

ФАФБФВФГФДФЕФЖФЗФИФЙФКФЛФМФНФОФП
212
192 193 194 195 196 197 198 199 200 201 202 203 204 205 206 207

ФРФСФТФУФФФХФЦФЧФШФЩФЪФЫФЬФЭФЮФЯ
212
208 209 210 211 212 213 214 215 216 217 218 219 220 221 222 223

ФаФбФвФгФдФеФжФзФиФйФкФлФмФнФоФп
212
224 225 226 227 228 229 230 231 232 233 234 235 236 237 238 239

ФрФсФтФуФфФхФцФчФшФщФъФыФьФэФюФ
212
240 241 242 243 244 245 246 247 248 249 250 251 252 253 254 127

Щ1Щ1Щ2Щ3Щ4Щ5Щ6Щ7Щ8Щ9Щ:Щ;Щ<Щ=Щ>Щ?
217
 49  49  50  51  52  53  54  55  56  57  58  59  60  61  62  63

Щ@ЩAЩBЩCЩDЩEЩFЩGЩHЩIЩJЩKЩLЩMЩNЩO
217
 64  65  66  67  68  69  70  71  72  73  74  75  76  77  78  79

ЩPЩQЩRЩSЩTЩUЩVЩWЩXЩYЩZЩ[Щ\Щ]Щ^Щ_
217
 80  81  82  83  84  85  86  87  88  89  90  91  92  93  94  95

Щ`ЩaЩbЩcЩdЩeЩfЩgЩhЩiЩjЩkЩlЩmЩnЩo
217
 96  97  98  99 100 101 102 103 104 105 106 107 108 109 110 111

ЩpЩqЩrЩsЩtЩuЩvЩwЩxЩyЩzЩ{Щ|Щ}Щ~Щ‘
217
112 113 114 115 116 117 118 119 120 121 122 123 124 125 126 145

Щ’Щ“Щ”Щ•Щ–Щ—ЩЩ™ЩљЩ›ЩњЩќЩћЩџЩ Щ1
217
146 147 148 149 150 151 152 153 154 155 156 157 158 159 160  49

Щ1ЩЎЩўЩЈЩ¤ЩҐЩ¦Щ§ЩЁЩ©ЩЄЩ«Щ¬Щ­Щ®ЩЇ
217
 49 161 162 163 164 165 166 167 168 169 170 171 172 173 174 175

Щ°Щ±ЩІЩіЩґЩµЩ¶Щ·ЩёЩ№ЩєЩ»ЩјЩЅЩѕЩї
217
176 177 178 179 180 181 182 183 184 185 186 187 188 189 190 191

ЩАЩБЩВЩГЩДЩЕЩЖЩЗЩИЩЙЩКЩЛЩМЩНЩОЩП
217
192 193 194 195 196 197 198 199 200 201 202 203 204 205 206 207

ЩРЩСЩТЩУЩФЩХЩЦЩЧЩШЩЩЩЪЩЫЩЬЩЭЩЮЩЯ
217
208 209 210 211 212 213 214 215 216 217 218 219 220 221 222 223

ЩаЩбЩвЩгЩдЩеЩжЩзЩиЩйЩкЩлЩмЩнЩоЩп
217
224 225 226 227 228 229 230 231 232 233 234 235 236 237 238 239

ЩрЩсЩтЩуЩфЩхЩцЩчЩшЩщЩъЩыЩьЩэЩюЩ1
217
240 241 242 243 244 245 246 247 248 249 250 251 252 253 254  49

Щ1Ъ1Ъ2Ъ3Ъ4Ъ5Ъ6Ъ7Ъ8Ъ9Ъ:Ъ;Ъ<Ъ=Ъ>Ъ?
217  218
 49  49  50  51  52  53  54  55  56  57  58  59  60  61  62  63

Ъ@ЪAЪBЪCЪDЪEЪFЪGЪHЪIЪJЪKЪLЪMЪNЪO
218
 64  65  66  67  68  69  70  71  72  73  74  75  76  77  78  79 

ЪPЪQЪRЪSЪTЪUЪVЪWЪXЪYЪZЪ[Ъ\Ъ]Ъ^Ъ_
218
 80  81  82  83  84  85  86  87  88  89  90  91  92  93  94  95 

Ъ`ЪaЪbЪcЪdЪeЪfЪgЪhЪiЪjЪkЪlЪmЪnЪo
218
 96  97  98  99 100 101 102 103 104 105 106 107 108 109 110 111 

ЪpЪqЪrЪsЪtЪuЪvЪwЪxЪyЪzЪ{Ъ|Ъ}Ъ~Ъ‘
218
112 113 114 115 116 117 118 119 120 121 122 123 124 125 126 145

Ъ’Ъ“Ъ”Ъ•Ъ–Ъ—ЪЪ™ЪљЪ›ЪњЪќЪћЪџЪ Щ1
218
146 147 148 149 150 151 152 153 154 155 156 157 158 159 160  49

Щ1ЪЎЪўЪЈЪ¤ЪҐЪ¦Ъ§ЪЁЪ©ЪЄЪ«Ъ¬Ъ­Ъ®ЪЇ
217 218
 49 161 162 163 164 165 166 167 168 169 170 171 172 173 174 175

Ъ°Ъ±ЪІЪіЪґЪµЪ¶Ъ·ЪёЪ№ЪєЪ»ЪјЪЅЪѕЪї
218
176 177 178 179 180 181 182 183 184 185 186 187 188 189 190 191

ЪАЪБЪВЪГЪДЪЕЪЖЪЗЪИЪЙЪКЪЛЪМЪНЪОЪП
218
192 193 194 195 196 197 198 199 200 201 202 203 204 205 206 207

ЪРЪСЪТЪУЪФЪХЪЦЪЧЪШЪЩЪЪЪЫЪЬЪЭЪЮЪЯ
218
208 209 210 211 212 213 214 215 216 217 218 219 220 221 222 223

ЪаЪбЪвЪгЪдЪеЪжЪзЪиЪйЪкЪлЪмЪнЪоЪп
218
224 225 226 227 228 229 230 231 232 233 234 235 236 237 238 239

ЪрЪсЪтЪуЪфЪхЪцЪчЪшЪщЪъЪыЪьЪэЪюЩ1
218
240 241 242 243 244 245 246 247 248 249 250 251 252 253 254  49

Щ1Ы1Ы2Ы3Ы4Ы5Ы6Ы7Ы8Ы9Ы:Ы;Ы<Ы=Ы>Ы?
217  219
 49  49  50  51  52  53  54  55  56  57  58  59  60  61  62  63

Ы@ЫAЫBЫCЫDЫEЫFЫGЫHЫIЫJЫKЫLЫMЫNЫO
219
 64  65  66  67  68  69  70  71  72  73  74  75  76  77  78  79

ЫPЫQЫRЫSЫTЫUЫVЫWЫXЫYЫZЫ[Ы\Ы]Ы^Ы_
219
 80  81  82  83  84  85  86  87  88  89  90  91  92  93  94  95

Ы`ЫaЫbЫcЫdЫeЫfЫgЫhЫiЫjЫkЫlЫmЫnЫo
219
 96  97  98  99 100 101 102 103 104 105 106 107 108 109 110 111

ЫpЫqЫrЫsЫtЫuЫvЫwЫxЫyЫzЫ{Ы|Ы}Ы~Ы‘
219
112 113 114 115 116 117 118 119 120 121 122 123 124 125 126 145

Ы’Ы“Ы”Ы•Ы–Ы—ЫЫ™ЫљЫ›ЫњЫќЫћЫџЫ Щ1
219
146 147 148 149 150 151 152 153 154 155 156 157 158 159 160  49 

Щ1ЫЎЫўЫЈЫ¤ЫҐЫ¦Ы§ЫЁЫ©ЫЄЫ«Ы¬Ы­Ы®ЫЇ
217
 49 161 162 163 164 165 166 167 168 169 170 171 172 173 174 175 

Ы°Ы±ЫІЫіЫґЫµЫ¶Ы·ЫёЫ№ЫєЫ»ЫјЫЅЫѕЫї
219
176 177 178 179 180 181 182 183 184 185 186 187 188 189 190 191 

ЫАЫБЫВЫГЫДЫЕЫЖЫЗЫИЫЙЫКЫЛЫМЫНЫОЫП
219
192 193 194 195 196 197 198 199 200 201 202 203 204 205 206 207 

ЫРЫСЫТЫУЫФЫХЫЦЫЧЫШЫЩЫЪЫЫЫЬЫЭЫЮЫЯ
219
208 209 210 211 212 213 214 215 216 217 218 219 220 221 222 223

ЫаЫбЫвЫгЫдЫеЫжЫзЫиЫйЫкЫлЫмЫнЫоЫп
219
224 225 226 227 228 229 230 231 232 233 234 235 236 237 238 239

ЫрЫсЫтЫуЫфЫхЫцЫчЫшЫщЫъЫыЫьЫэЫюЩ1
219
240 241 242 243 244 245 246 247 248 249 250 251 252 253 254  49

Щ1Ь1Ь2Ь3Ь4Ь5Ь6Ь7Ь8Ь9Ь:Ь;Ь<Ь=Ь>Ь?
217  220
 49  49  50  51  52  53  54  55  56  57  58  59  60  61  62  63

Ь@ЬAЬBЬCЬDЬEЬFЬGЬHЬIЬJЬKЬLЬMЬNЬO
220
 64  65  66  67  68  69  70  71  72  73  74  75  76  77  78  79 

ЬPЬQЬRЬSЬTЬUЬVЬWЬXЬYЬZЬ[Ь\Ь]Ь^Ь_
220
 80  81  82  83  84  85  86  87  88  89  90  91  92  93  94  95 

Ь`ЬaЬbЬcЬdЬeЬfЬgЬhЬiЬjЬkЬlЬmЬnЬo
220
 96  97  98  99 100 101 102 103 104 105 106 107 108 109 110 111 

ЬpЬqЬrЬsЬtЬuЬvЬwЬxЬyЬzЬ{Ь|Ь}Ь~Ь‘
220
112 113 114 115 116 117 118 119 120 121 122 123 124 125 126 145

Ь’Ь“Ь”Ь•Ь–Ь—ЬЬ™ЬљЬ›ЬњЬќЬћЬџЬ Щ1
220
146 147 148 149 150 151 152 153 154 155 156 157 158 159 160  49 

Щ1ЬЎЬўЬЈЬ¤ЬҐЬ¦Ь§ЬЁЬ©ЬЄЬ«Ь¬Ь­Ь®ЬЇ
217
 49 161 162 163 164 165 166 167 168 169 170 171 172 173 174 175 

Ь°Ь±ЬІЬіЬґЬµЬ¶Ь·ЬёЬ№ЬєЬ»ЬјЬЅЬѕЬї
220
176 177 178 179 180 181 182 183 184 185 186 187 188 189 190 191 

ЬАЬБЬВЬГЬДЬЕЬЖЬЗЬИЬЙЬКЬЛЬМЬНЬОЬП
220
192 193 194 195 196 197 198 199 200 201 202 203 204 205 206 207 

ЬРЬСЬТЬУЬФЬХЬЦЬЧЬШЬЩЬЪЬЫЬЬЬЭЬЮЬЯ
220
208 209 210 211 212 213 214 215 216 217 218 219 220 221 222 223 

ЬаЬбЬвЬгЬдЬеЬжЬзЬиЬйЬкЬлЬмЬнЬоЬп
220
224 225 226 227 228 229 230 231 232 233 234 235 236 237 238 239 

ЬрЬсЬтЬуЬфЬхЬцЬчЬшЬщЬъЬыЬьЬэЬюЩ1
220
240 241 242 243 244 245 246 247 248 249 250 251 252 253 254  49 

Щ1Э1Э2Э3Э4Э5Э6Э7Э8Э9Э:Э;Э<Э=Э>Э?
217  221
 49  49  50  51  52  53  54  55  56  57  58  59  60  61  62  63

Э@ЭAЭBЭCЭDЭEЭFЭGЭHЭIЭJЭKЭLЭMЭNЭO
221
 64  65  66  67  68  69  70  71  72  73  74  75  76  77  78  79 

ЭPЭQЭRЭSЭTЭUЭVЭWЭXЭYЭZЭ[Э\Э]Э^Э_
221
 80  81  82  83  84  85  86  87  88  89  90  91  92  93  94  95 

Э`ЭaЭbЭcЭdЭeЭfЭgЭhЭiЭjЭkЭlЭmЭnЭo
221
 96  97  98  99 100 101 102 103 104 105 106 107 108 109 110 111 

ЭpЭqЭrЭsЭtЭuЭvЭwЭxЭyЭzЭ{Э|Э}Э~Э‘
221
112 113 114 115 116 117 118 119 120 121 122 123 124 125 126 145

Э’Э“Э”Э•Э–Э—ЭЭ™ЭљЭ›ЭњЭќЭћЭџЭ Щ1
221
146 147 148 149 150 151 152 153 154 155 156 157 158 159 160  49

Щ1ЭЎЭўЭЈЭ¤ЭҐЭ¦Э§ЭЁЭ©ЭЄЭ«Э¬Э­Э®ЭЇ
217 221
 49 161 162 163 164 165 166 167 168 169 170 171 172 173 174 175

Э°Э±ЭІЭіЭґЭµЭ¶Э·ЭёЭ№ЭєЭ»ЭјЭЅЭѕЭї
221
176 177 178 179 180 181 182 183 184 185 186 187 188 189 190 191

ЭАЭБЭВЭГЭДЭЕЭЖЭЗЭИЭЙЭКЭЛЭМЭНЭОЭП
221
192 193 194 195 196 197 198 199 200 201 202 203 204 205 206 207

ЭРЭСЭТЭУЭФЭХЭЦЭЧЭШЭЩЭЪЭЫЭЬЭЭЭЮЭЯ
221
208 209 210 211 212 213 214 215 216 217 218 219 220 221 222 223

ЭаЭбЭвЭгЭдЭеЭжЭзЭиЭйЭкЭлЭмЭнЭоЭп
221
224 225 226 227 228 229 230 231 232 233 234 235 236 237 238 239

ЭрЭсЭтЭуЭфЭхЭцЭчЭшЭщЭъЭыЭьЭэЭюЩ1
221
240 241 242 243 244 245 246 247 248 249 250 251 252 253 254  49

Щ1Ю1Ю2Ю3Ю4Ю5Ю6Ю7Ю8Ю9Ю:Ю;Ю<Ю=Ю>Ю?
217  222
 49  49  50  51  52  53  54  55  56  57  58  59  60  61  62  63

Ю@ЮAЮBЮCЮDЮEЮFЮGЮHЮIЮJЮKЮLЮMЮNЮO
222
 64  65  66  67  68  69  70  71  72  73  74  75  76  77  78  79

ЮPЮQЮRЮSЮTЮUЮVЮWЮXЮYЮZЮ[Ю\Ю]Ю^Ю_
222
 80  81  82  83  84  85  86  87  88  89  90  91  92  93  94  95

Ю`ЮaЮbЮcЮdЮeЮfЮgЮhЮiЮjЮkЮlЮmЮnЮo
222
 96  97  98  99 100 101 102 103 104 105 106 107 108 109 110 111

ЮpЮqЮrЮsЮtЮuЮvЮwЮxЮyЮzЮ{Ю|Ю}Ю~Ю‘
222
112 113 114 115 116 117 118 119 120 121 122 123 124 125 126 145

Ю’Ю“Ю”Ю•Ю–Ю—ЮЮ™ЮљЮ›ЮњЮќЮћЮџЮ Щ1
222
146 147 148 149 150 151 152 153 154 155 156 157 158 159 160  49

Щ1ЮЎЮўЮЈЮ¤ЮҐЮ¦Ю§ЮЁЮ©ЮЄЮ«Ю¬Ю­Ю®ЮЇ
217 222
 49 161 162 163 164 165 166 167 168 169 170 171 172 173 174 175

Ю°Ю±ЮІЮіЮґЮµЮ¶Ю·ЮёЮ№ЮєЮ»ЮјЮЅЮѕЮї
222
176 177 178 179 180 181 182 183 184 185 186 187 188 189 190 191

ЮАЮБЮВЮГЮДЮЕЮЖЮЗЮИЮЙЮКЮЛЮМЮНЮОЮП
222
192 193 194 195 196 197 198 199 200 201 202 203 204 205 206 207

ЮРЮСЮТЮУЮФЮХЮЦЮЧЮШЮЩЮЪЮЫЮЬЮЭЮЮЮЯ
222
208 209 210 211 212 213 214 215 216 217 218 219 220 221 222 223

ЮаЮбЮвЮгЮдЮеЮжЮзЮиЮйЮкЮлЮмЮнЮоЮп
222
224 225 226 227 228 229 230 231 232 233 234 235 236 237 238 239

ЮрЮсЮтЮуЮфЮхЮцЮчЮшЮщЮъЮыЮьЮэЮюЩ1
222
240 241 242 243 244 245 246 247 248 249 250 251 252 253 254  49




